<?xml version="1.0" ?>
<testsuites failures="0" name="TestXML" tests="8" time="0.084">
	<testsuite name="Csv Subtitles File" failures="0"  tests="2" time="0">
		<testcase name=" should update with new and existing rows" time="0"></testcase>
		<testcase name=" should convert to string" time="0"></testcase>
	</testsuite>

	<testsuite name="S 51 Subtitles" failures="0"  tests="2" time="0">
		<testcase name=" should add alternative timecodes to subtitles" time="0"></testcase>
		<testcase name=" should convert subtitles to string" time="0"></testcase>
	</testsuite>

	<testsuite name="S 51 Subtitle" failures="0"  tests="5" time="0">
		<testcase name=" to string" time="0"></testcase>
		<testcase name=" to with alternative timecodes" time="0"></testcase>
		<testcase name=" initialize with srt subtitle" time="0"></testcase>
		<testcase name=" add srt subtitle as alternative timecode" time="0"></testcase>
		<testcase name=" should not add srt subtitle as alternative timecode if timecode is equal to default" time="0"></testcase>
	</testsuite>

	<testsuite name="Srt File" failures="0"  tests="4" time="0">
		<testcase name=" should offset to zero" time="0"></testcase>
		<testcase name=" should set content as string" time="0"></testcase>
		<testcase name=" should return name without extension" time="0"></testcase>
		<testcase name=" should convert to s51 format" time="0"></testcase>
	</testsuite>

	<testsuite name="Timecode Span" failures="0"  tests="6" time="0">
		<testcase name=" should offset negative value" time="0"></testcase>
		<testcase name=" should init with zero" time="0"></testcase>
		<testcase name=" should set string value" time="0"></testcase>
		<testcase name=" should get string value" time="0"></testcase>
		<testcase name=" should offset" time="0"></testcase>
		<testcase name=" should duplicate" time="0"></testcase>
	</testsuite>

	<testsuite name="Timecode" failures="0"  tests="4" time="0">
		<testcase name=" should set seconds without frac" time="0"></testcase>
		<testcase name=" should implement to string func" time="0"></testcase>
		<testcase name=" should init with zero" time="0"></testcase>
		<testcase name=" should set seconds" time="0"></testcase>
	</testsuite>

	<testsuite name="Subtitle Service" failures="0"  tests="2" time="0">
		<testcase name=" should convert to csv" time="0"></testcase>
		<testcase name=" should convert subtitles to csv rows and columns" time="0"></testcase>
	</testsuite>

	<testsuite name="Main View Model" failures="0"  tests="2" time="0">
		<testcase name=" should set paths as array" time="0"></testcase>
		<testcase name=" should set paths as string" time="0"></testcase>
	</testsuite>

</testsuites>