<?xml version="1.0" ?>
<testsuites failures="0" name="TestXML" tests="4" time="0.038">
	<testsuite name="S 51 Subtitle" failures="0"  tests="4" time="0">
		<testcase name=" to with alternative timecodes" time="0"></testcase>
		<testcase name=" to string" time="0"></testcase>
		<testcase name=" add srt subtitle as alternative timecode" time="0"></testcase>
		<testcase name=" initialize with srt subtitle" time="0"></testcase>
	</testsuite>

	<testsuite name="Srt File" failures="0"  tests="2" time="0">
		<testcase name=" should return name without extension" time="0"></testcase>
		<testcase name=" should return subtitles array" time="0"></testcase>
	</testsuite>

	<testsuite name="Timecode Span" failures="0"  tests="6" time="0">
		<testcase name=" should duplicate" time="0"></testcase>
		<testcase name=" should offset" time="0"></testcase>
		<testcase name=" should offset negative value" time="0"></testcase>
		<testcase name=" should init with zero" time="0"></testcase>
		<testcase name=" should get string value" time="0"></testcase>
		<testcase name=" should set string value" time="0"></testcase>
	</testsuite>

	<testsuite name="Timecode" failures="0"  tests="4" time="0">
		<testcase name=" should set seconds without frac" time="0"></testcase>
		<testcase name=" should set seconds" time="0"></testcase>
		<testcase name=" should implement to string func" time="0"></testcase>
		<testcase name=" should init with zero" time="0"></testcase>
	</testsuite>

</testsuites>